<?xml version="1.0" encoding="UTF-8"?>
<testsuite name="WordTest" tests="8" skipped="0" failures="0" errors="0" timestamp="2016-05-05T07:37:29" hostname="epicodus-74.local" time="0.001">
  <properties/>
  <testcase name="clear_emptiesAllWordsFromList_0" classname="WordTest" time="0.0"/>
  <testcase name="find_returnsWordWithSameId_secondWord" classname="WordTest" time="0.0"/>
  <testcase name="addDefinitions_addsDefinitionToList_true" classname="WordTest" time="0.0"/>
  <testcase name="getDefinitions_initiallyReturnsEmptyList_ArrayList" classname="WordTest" time="0.0"/>
  <testcase name="getName_wordInstantiatesWithName_Brew" classname="WordTest" time="0.0"/>
  <testcase name="getId_wordsInstantiateWithAnId_1" classname="WordTest" time="0.0"/>
  <testcase name="all_returnsAllInstancesOfWord_true" classname="WordTest" time="0.0"/>
  <testcase name="word_instantiatesCorrectly_true" classname="WordTest" time="0.001"/>
  <system-out><![CDATA[]]></system-out>
  <system-err><![CDATA[]]></system-err>
</testsuite>
