<?xml version="1.0" encoding="UTF-8"?>
<testsuite name="DefinitionTest" tests="2" skipped="0" failures="0" errors="0" timestamp="2016-05-05T07:37:29" hostname="epicodus-74.local" time="0.0">
  <properties/>
  <testcase name="Definition_createNewInstance_true" classname="DefinitionTest" time="0.0"/>
  <testcase name="Definition_instantiatesWithWordMeaning_String" classname="DefinitionTest" time="0.0"/>
  <system-out><![CDATA[]]></system-out>
  <system-err><![CDATA[]]></system-err>
</testsuite>
